0 info it worked if it ends with ok
1 verbose cli [ 'C:\\Program Files\\nodejs\\node.exe',
1 verbose cli   'C:\\Users\\lee.le\\AppData\\Roaming\\npm\\node_modules\\npm\\bin\\npm-cli.js',
1 verbose cli   'start' ]
2 info using npm@3.10.10
3 info using node@v10.4.1
4 verbose run-script [ 'prestart', 'start', 'poststart' ]
5 info lifecycle robo-hello-world@1.0.0~prestart: robo-hello-world@1.0.0
6 silly lifecycle robo-hello-world@1.0.0~prestart: no script for prestart, continuing
7 info lifecycle robo-hello-world@1.0.0~start: robo-hello-world@1.0.0
8 verbose lifecycle robo-hello-world@1.0.0~start: unsafe-perm in lifecycle true
9 verbose lifecycle robo-hello-world@1.0.0~start: PATH: C:\Users\lee.le\AppData\Roaming\npm\node_modules\npm\bin\node-gyp-bin;D:\BlackSnow-project\reactjs\robo-hello-world\node_modules\.bin;C:\Users\lee.le\bin;C:\Users\lee.le\AppData\Local\Programs\Git\mingw64\bin;C:\Users\lee.le\AppData\Local\Programs\Git\usr\local\bin;C:\Users\lee.le\AppData\Local\Programs\Git\usr\bin;C:\Users\lee.le\AppData\Local\Programs\Git\usr\bin;C:\Users\lee.le\AppData\Local\Programs\Git\mingw64\bin;C:\Users\lee.le\AppData\Local\Programs\Git\usr\bin;C:\Users\lee.le\bin;C:\WINDOWS\system32;C:\WINDOWS;C:\WINDOWS\System32\Wbem;C:\WINDOWS\System32\WindowsPowerShell\v1.0;C:\Program Files\TortoiseSVN\bin;C:\Program Files (x86)\Skype\Phone;C:\WINDOWS\System32\OpenSSH;C:\Program Files\nodejs;C:\Users\lee.le\AppData\Local\Microsoft\WindowsApps;D:\Microsoft VS Code\bin;C:\Users\lee.le\AppData\Roaming\npm;C:\Users\lee.le\AppData\Local\Programs\Git\usr\bin\vendor_perl;C:\Users\lee.le\AppData\Local\Programs\Git\usr\bin\core_perl
10 verbose lifecycle robo-hello-world@1.0.0~start: CWD: D:\BlackSnow-project\reactjs\robo-hello-world
11 silly lifecycle robo-hello-world@1.0.0~start: Args: [ '/d /s /c', 'npm run build' ]
12 silly lifecycle robo-hello-world@1.0.0~start: Returned: code: 1  signal: null
13 info lifecycle robo-hello-world@1.0.0~start: Failed to exec start script
14 verbose stack Error: robo-hello-world@1.0.0 start: `npm run build`
14 verbose stack Exit status 1
14 verbose stack     at EventEmitter.<anonymous> (C:\Users\lee.le\AppData\Roaming\npm\node_modules\npm\lib\utils\lifecycle.js:255:16)
14 verbose stack     at EventEmitter.emit (events.js:182:13)
14 verbose stack     at ChildProcess.<anonymous> (C:\Users\lee.le\AppData\Roaming\npm\node_modules\npm\lib\utils\spawn.js:40:14)
14 verbose stack     at ChildProcess.emit (events.js:182:13)
14 verbose stack     at maybeClose (internal/child_process.js:961:16)
14 verbose stack     at Process.ChildProcess._handle.onexit (internal/child_process.js:248:5)
15 verbose pkgid robo-hello-world@1.0.0
16 verbose cwd D:\BlackSnow-project\reactjs\robo-hello-world
17 error Windows_NT 10.0.17134
18 error argv "C:\\Program Files\\nodejs\\node.exe" "C:\\Users\\lee.le\\AppData\\Roaming\\npm\\node_modules\\npm\\bin\\npm-cli.js" "start"
19 error node v10.4.1
20 error npm  v3.10.10
21 error code ELIFECYCLE
22 error robo-hello-world@1.0.0 start: `npm run build`
22 error Exit status 1
23 error Failed at the robo-hello-world@1.0.0 start script 'npm run build'.
23 error Make sure you have the latest version of node.js and npm installed.
23 error If you do, this is most likely a problem with the robo-hello-world package,
23 error not with npm itself.
23 error Tell the author that this fails on your system:
23 error     npm run build
23 error You can get information on how to open an issue for this project with:
23 error     npm bugs robo-hello-world
23 error Or if that isn't available, you can get their info via:
23 error     npm owner ls robo-hello-world
23 error There is likely additional logging output above.
24 verbose exit [ 1, true ]
